<?xml version="1.0" encoding="UTF-8"?>
<!-- Generated by org.testng.reporters.JUnitXMLReporter -->
<testsuite hostname="CRISS-NOTE-WORK" ignored="0" name="AirbnbMaven" tests="4" failures="0" timestamp="2022-02-26T10:53:10 CLST" time="35.953" errors="0">
  <testcase name="TC001_lookForDestinationWhitJSON" time="9.177" classname="airbnb.TestSuit02C"/>
  <testcase name="TC002_lookForDestinationWhitExcel" time="5.098" classname="airbnb.TestSuit02C"/>
  <testcase name="TC003_findRestaurantWhitJSON" time="4.268" classname="airbnb.TestSuit02C"/>
  <testcase name="TC004_selectValueFromResultSearchBasedOnText" time="9.046" classname="airbnb.TestSuit02C"/>
</testsuite> <!-- AirbnbMaven -->
