<?xml version="1.0" encoding="UTF-8"?>
<!-- Generated by org.testng.reporters.JUnitXMLReporter -->
<testsuite hostname="CRISS-NOTE-WORK" ignored="2" name="Test" tests="15" failures="0" timestamp="2022-02-23T11:20:26 CLST" time="93.441" errors="0">
  <testcase name="TC001_lookForDestinationWhitJSON" time="7.368" classname="airbnb.TestSuit02"/>
  <testcase name="TC002_lookForDestinationWhitExcel" time="4.428" classname="airbnb.TestSuit02"/>
  <testcase name="TC003_findRestaurantWhitJSON" time="4.002" classname="airbnb.TestSuit02"/>
  <testcase name="TC004_selectValueFromResultSearchBasedOnText" time="7.717" classname="airbnb.TestSuit02"/>
  <testcase name="TC001_lookForDestinationWhitJSON" time="6.856" classname="airbnb.TestSuit02C"/>
  <testcase name="TC002_lookForDestinationWhitExcel" time="4.13" classname="airbnb.TestSuit02C"/>
  <testcase name="TC003_findRestaurantWhitJSON" time="4.118" classname="airbnb.TestSuit02C"/>
  <testcase name="TC004_selectValueFromResultSearchBasedOnText" time="6.784" classname="airbnb.TestSuit02C"/>
  <testcase name="TC001_clickOnProfile" time="3.364" classname="airbnb.TestSuit03"/>
  <testcase name="TC002_verifyProfilePage" time="1.245" classname="airbnb.TestSuit03"/>
  <testcase name="TC003_swipeToGetBottomOfTheScreen" time="4.061" classname="airbnb.TestSuit03"/>
  <testcase name="TC004_goToProfileAndValidateLegal" time="10.295" classname="airbnb.TestSuit03"/>
  <testcase name="TC005_scrollToExactlyText" time="7.038" classname="airbnb.TestSuit03"/>
  <testcase name="TC006_scrollToPartialText" time="1.891" classname="airbnb.TestSuit03"/>
  <testcase name="TC007_screenShotOfProfileBottomPage" time="0.311" classname="airbnb.TestSuit03"/>
  <testcase name="testAirbnbApp" time="0.0" classname="airbnb.TestAirbnb">
    <ignored/>
  </testcase> <!-- testAirbnbApp -->
  <testcase name="testCase01" time="0.0" classname="airbnb.TestSuit01">
    <ignored/>
  </testcase> <!-- testCase01 -->
</testsuite> <!-- Test -->
